[INFO ] 2023-08-15 11:13:18.669 [main] ReportManager - 
[0;7m------------------------------------------------------------------------------------------------------------------------------------------------
                                                        Powered by [1m7.3.20230804[22m                                                        
------------------------------------------------------------------------------------------------------------------------------------------------
[0m
[INFO ] 2023-08-15 11:13:27.523 [main] ReportManager - Loaded OpenCV "opencv_java470".
[INFO ] 2023-08-15 11:13:27.524 [main] ReportManager - Initializing Allure Reporting Environment...
[INFO ] 2023-08-15 11:13:27.740 [main] ReportManager - Initializing Extent Reporting Environment...
[INFO ] 2023-08-15 11:13:28.282 [main] ReportManager - Initializing Summary Reporting Environment...
[INFO ] 2023-08-15 11:13:28.484 [main] Utils - [TestNG] Running:
  C:\Users\YoussifM\AppData\Local\JetBrains\IdeaIC2023.1\temp-testng-customsuite.xml

[INFO ] 2023-08-15 11:13:28.528 [main] ReportManager - 
[0;7m------------------------------------------------------------------------------------------------------------------------------------------------
                                             Starting execution of suite setup configuration method                                             
                                          'com.shaft.listeners.internal.ConfigurationHelper.suiteSetup'                                          
------------------------------------------------------------------------------------------------------------------------------------------------
[0m
[INFO ] 2023-08-15 11:13:28.638 [main] ReportManager - Initializing Important Links...
[INFO ] 2023-08-15 11:13:28.646 [main] ReportManager - Initializing Properties...
[INFO ] 2023-08-15 11:13:28.797 [main] ReportManager - 
[0;7m------------------------------------------------------------------------------------------------------------------------------------------------
                                         Starting execution of before user register configuration method                                         
                                                      'TestRegisterUser.beforeUserRegister'                                                      
------------------------------------------------------------------------------------------------------------------------------------------------
[0m
[INFO ] 2023-08-15 11:13:28.828 [main] ReportManager - Setting "targetOperatingSystem" property with "windows".
[INFO ] 2023-08-15 11:13:28.831 [main] ReportManager - Setting "screenshotParams_screenshotType" property with "Regular".
[INFO ] 2023-08-15 11:13:28.856 [main] ReportManager - Capabilities {acceptInsecureCerts: true, browserName: MicrosoftEdge, ms:edgeOptions: {args: [--start-maximized, --remote-allow-origins=*, --enable-automation, --disable-background-timer-..., --disable-backgrounding-occ..., --disable-features=Calculat..., --disable-hang-monitor, --disable-domain-reliability, --disable-renderer-backgrou..., --disable-features=Autofill..., --metrics-recording-only, --no-first-run, --no-default-browser-check, --silent-debugger-extension..., --disable-extensions, --disable-component-extensi..., --disable-dev-shm-usage, --disable-features=MediaRouter, --disable-features=Translate, --disable-ipc-flooding-prot..., --disable-background-networ..., --mute-audio, --disable-breakpad, --ignore-certificate-errors, --disable-device-discovery-..., --force-color-profile=srgb, --hide-scrollbars, --host-resolver-rules, --no-pings, --disable-features=AvoidUnn..., --disable-features=Certific..., --disable-sync, --disable-features=Optimiza..., --disable-features=DialMedi..., --disable-features=GlobalMe..., --disable-features=Improved..., --disable-features=LazyFram..., --disable-field-trial-config, --enable-features=NetworkSe..., --enable-features=NetworkSe..., --enable-use-zoom-for-dsf, --log-net-log, --net-log-capture-mode, --disable-client-side-phish..., --disable-default-apps, --disable-features=Interest...], extensions: [], prefs: {download.default_directory: C:\Users\YoussifM\OneDrive ..., download.prompt_for_download: false, profile.default_content_settings.popups: 0}}, pageLoadStrategy: none, timeouts: {pageLoad: 60000, script: 30000}, unhandledPromptBehavior: accept and notify}
[INFO ] 2023-08-15 11:13:28.858 [main] ReportManager - Attempting to run locally on: "windows | Microsoft edge".
[INFO ] 2023-08-15 11:13:28.859 [main] ReportManager - Identifying OS/Driver combination and selecting the correct driver version automatically. Please note that if a new driver executable will be downloaded it may take some time...
[DEBUG] 2023-08-15 11:13:29.390 [main] ResolutionCache - Removing resolution edge=115 from cache (expired on 2023-08-15T03:20:54.000+0300)
[DEBUG] 2023-08-15 11:13:29.429 [main] InternalHttpClient - ex-0000000001 preparing request execution
[DEBUG] 2023-08-15 11:13:29.454 [main] ProtocolExec - ex-0000000001 target auth state: UNCHALLENGED
[DEBUG] 2023-08-15 11:13:29.456 [main] ProtocolExec - ex-0000000001 proxy auth state: UNCHALLENGED
[DEBUG] 2023-08-15 11:13:29.456 [main] ConnectExec - ex-0000000001 acquiring connection with route {s}->https://raw.githubusercontent.com:443
[DEBUG] 2023-08-15 11:13:29.456 [main] InternalHttpClient - ex-0000000001 acquiring endpoint (3 MINUTES)
[DEBUG] 2023-08-15 11:13:29.458 [main] PoolingHttpClientConnectionManager - ex-0000000001 endpoint lease request (3 MINUTES) [route: {s}->https://raw.githubusercontent.com:443][total available: 0; route allocated: 0 of 5; total allocated: 0 of 25]
[DEBUG] 2023-08-15 11:13:29.479 [main] PoolingHttpClientConnectionManager - ex-0000000001 endpoint leased [route: {s}->https://raw.githubusercontent.com:443][total available: 0; route allocated: 1 of 5; total allocated: 1 of 25]
[DEBUG] 2023-08-15 11:13:29.508 [main] PoolingHttpClientConnectionManager - ex-0000000001 acquired ep-0000000001
[DEBUG] 2023-08-15 11:13:29.509 [main] InternalHttpClient - ex-0000000001 acquired endpoint ep-0000000001
[DEBUG] 2023-08-15 11:13:29.509 [main] ConnectExec - ex-0000000001 opening connection {s}->https://raw.githubusercontent.com:443
[DEBUG] 2023-08-15 11:13:29.510 [main] InternalHttpClient - ep-0000000001 connecting endpoint (null)
[DEBUG] 2023-08-15 11:13:29.517 [main] PoolingHttpClientConnectionManager - ep-0000000001 connecting endpoint to https://raw.githubusercontent.com:443 (30 SECONDS)
[DEBUG] 2023-08-15 11:13:29.518 [main] DefaultHttpClientConnectionOperator - raw.githubusercontent.com resolving remote address
[DEBUG] 2023-08-15 11:13:29.520 [main] DefaultHttpClientConnectionOperator - raw.githubusercontent.com resolved to [raw.githubusercontent.com/185.199.110.133, raw.githubusercontent.com/185.199.109.133, raw.githubusercontent.com/185.199.108.133, raw.githubusercontent.com/185.199.111.133]
[DEBUG] 2023-08-15 11:13:29.523 [main] DefaultHttpClientConnectionOperator - raw.githubusercontent.com:443 connecting null->raw.githubusercontent.com/185.199.110.133:443 (30 SECONDS)
[DEBUG] 2023-08-15 11:13:29.524 [main] SSLConnectionSocketFactory - Connecting socket to raw.githubusercontent.com/185.199.110.133:443 with timeout 30 SECONDS
[DEBUG] 2023-08-15 11:13:29.585 [main] SSLConnectionSocketFactory - Enabled protocols: [TLSv1.3, TLSv1.2]
[DEBUG] 2023-08-15 11:13:29.585 [main] SSLConnectionSocketFactory - Enabled cipher suites: [TLS_AES_256_GCM_SHA384, TLS_AES_128_GCM_SHA256, TLS_CHACHA20_POLY1305_SHA256, TLS_ECDHE_ECDSA_WITH_AES_256_GCM_SHA384, TLS_ECDHE_ECDSA_WITH_AES_128_GCM_SHA256, TLS_ECDHE_ECDSA_WITH_CHACHA20_POLY1305_SHA256, TLS_ECDHE_RSA_WITH_AES_256_GCM_SHA384, TLS_ECDHE_RSA_WITH_CHACHA20_POLY1305_SHA256, TLS_ECDHE_RSA_WITH_AES_128_GCM_SHA256, TLS_DHE_RSA_WITH_AES_256_GCM_SHA384, TLS_DHE_RSA_WITH_CHACHA20_POLY1305_SHA256, TLS_DHE_DSS_WITH_AES_256_GCM_SHA384, TLS_DHE_RSA_WITH_AES_128_GCM_SHA256, TLS_DHE_DSS_WITH_AES_128_GCM_SHA256, TLS_ECDHE_ECDSA_WITH_AES_256_CBC_SHA384, TLS_ECDHE_RSA_WITH_AES_256_CBC_SHA384, TLS_ECDHE_ECDSA_WITH_AES_128_CBC_SHA256, TLS_ECDHE_RSA_WITH_AES_128_CBC_SHA256, TLS_DHE_RSA_WITH_AES_256_CBC_SHA256, TLS_DHE_DSS_WITH_AES_256_CBC_SHA256, TLS_DHE_RSA_WITH_AES_128_CBC_SHA256, TLS_DHE_DSS_WITH_AES_128_CBC_SHA256, TLS_ECDH_ECDSA_WITH_AES_256_GCM_SHA384, TLS_ECDH_RSA_WITH_AES_256_GCM_SHA384, TLS_ECDH_ECDSA_WITH_AES_128_GCM_SHA256, TLS_ECDH_RSA_WITH_AES_128_GCM_SHA256, TLS_ECDH_ECDSA_WITH_AES_256_CBC_SHA384, TLS_ECDH_RSA_WITH_AES_256_CBC_SHA384, TLS_ECDH_ECDSA_WITH_AES_128_CBC_SHA256, TLS_ECDH_RSA_WITH_AES_128_CBC_SHA256, TLS_ECDHE_ECDSA_WITH_AES_256_CBC_SHA, TLS_ECDHE_RSA_WITH_AES_256_CBC_SHA, TLS_ECDHE_ECDSA_WITH_AES_128_CBC_SHA, TLS_ECDHE_RSA_WITH_AES_128_CBC_SHA, TLS_DHE_RSA_WITH_AES_256_CBC_SHA, TLS_DHE_DSS_WITH_AES_256_CBC_SHA, TLS_DHE_RSA_WITH_AES_128_CBC_SHA, TLS_DHE_DSS_WITH_AES_128_CBC_SHA, TLS_ECDH_ECDSA_WITH_AES_256_CBC_SHA, TLS_ECDH_RSA_WITH_AES_256_CBC_SHA, TLS_ECDH_ECDSA_WITH_AES_128_CBC_SHA, TLS_ECDH_RSA_WITH_AES_128_CBC_SHA, TLS_RSA_WITH_AES_256_GCM_SHA384, TLS_RSA_WITH_AES_128_GCM_SHA256, TLS_RSA_WITH_AES_256_CBC_SHA256, TLS_RSA_WITH_AES_128_CBC_SHA256, TLS_RSA_WITH_AES_256_CBC_SHA, TLS_RSA_WITH_AES_128_CBC_SHA, TLS_EMPTY_RENEGOTIATION_INFO_SCSV]
[DEBUG] 2023-08-15 11:13:29.586 [main] SSLConnectionSocketFactory - Starting handshake (null)
[DEBUG] 2023-08-15 11:13:29.713 [main] SSLConnectionSocketFactory - Secure session established
[DEBUG] 2023-08-15 11:13:29.713 [main] SSLConnectionSocketFactory -  negotiated protocol: TLSv1.3
[DEBUG] 2023-08-15 11:13:29.713 [main] SSLConnectionSocketFactory -  negotiated cipher suite: TLS_AES_256_GCM_SHA384
[DEBUG] 2023-08-15 11:13:29.714 [main] SSLConnectionSocketFactory -  peer principal: CN=*.github.io, O="GitHub, Inc.", L=San Francisco, ST=California, C=US
[DEBUG] 2023-08-15 11:13:29.715 [main] SSLConnectionSocketFactory -  peer alternative names: [*.github.io, github.io, *.github.com, github.com, www.github.com, *.githubusercontent.com, githubusercontent.com]
[DEBUG] 2023-08-15 11:13:29.715 [main] SSLConnectionSocketFactory -  issuer principal: CN=DigiCert TLS RSA SHA256 2020 CA1, O=DigiCert Inc, C=US
[DEBUG] 2023-08-15 11:13:29.716 [main] DefaultManagedHttpClientConnection - http-outgoing-0 set socket timeout to 3 MINUTES
[DEBUG] 2023-08-15 11:13:29.716 [main] DefaultHttpClientConnectionOperator - raw.githubusercontent.com:443 connected null->raw.githubusercontent.com/185.199.110.133:443 as http-outgoing-0
[DEBUG] 2023-08-15 11:13:29.716 [main] PoolingHttpClientConnectionManager - ep-0000000001 connected http-outgoing-0
[DEBUG] 2023-08-15 11:13:29.716 [main] InternalHttpClient - ep-0000000001 endpoint connected
[DEBUG] 2023-08-15 11:13:29.717 [main] MainClientExec - ex-0000000001 executing GET /bonigarcia/webdrivermanager/master/src/main/resources/commands.properties HTTP/1.1
[DEBUG] 2023-08-15 11:13:29.717 [main] RequestAddCookies - ex-0000000001 Cookie spec selected: strict
[DEBUG] 2023-08-15 11:13:29.744 [main] InternalHttpClient - ep-0000000001 start execution ex-0000000001
[DEBUG] 2023-08-15 11:13:29.744 [main] PoolingHttpClientConnectionManager - ep-0000000001 executing exchange ex-0000000001 over http-outgoing-0
[DEBUG] 2023-08-15 11:13:29.745 [main] headers - http-outgoing-0 >> GET /bonigarcia/webdrivermanager/master/src/main/resources/commands.properties HTTP/1.1
[DEBUG] 2023-08-15 11:13:29.745 [main] headers - http-outgoing-0 >> user-agent: Apache-HttpClient/5.0
[DEBUG] 2023-08-15 11:13:29.745 [main] headers - http-outgoing-0 >> accept-encoding: gzip, deflate, br
[DEBUG] 2023-08-15 11:13:29.745 [main] headers - http-outgoing-0 >> cache-control: max-age=0
[DEBUG] 2023-08-15 11:13:29.745 [main] headers - http-outgoing-0 >> connection: keep-alive
[DEBUG] 2023-08-15 11:13:29.745 [main] headers - http-outgoing-0 >> Host: raw.githubusercontent.com
[DEBUG] 2023-08-15 11:13:29.745 [main] wire - http-outgoing-0 >> "GET /bonigarcia/webdrivermanager/master/src/main/resources/commands.properties HTTP/1.1[\r][\n]"
[DEBUG] 2023-08-15 11:13:29.745 [main] wire - http-outgoing-0 >> "user-agent: Apache-HttpClient/5.0[\r][\n]"
[DEBUG] 2023-08-15 11:13:29.745 [main] wire - http-outgoing-0 >> "accept-encoding: gzip, deflate, br[\r][\n]"
[DEBUG] 2023-08-15 11:13:29.745 [main] wire - http-outgoing-0 >> "cache-control: max-age=0[\r][\n]"
[DEBUG] 2023-08-15 11:13:29.745 [main] wire - http-outgoing-0 >> "connection: keep-alive[\r][\n]"
[DEBUG] 2023-08-15 11:13:29.745 [main] wire - http-outgoing-0 >> "Host: raw.githubusercontent.com[\r][\n]"
[DEBUG] 2023-08-15 11:13:29.745 [main] wire - http-outgoing-0 >> "[\r][\n]"
[DEBUG] 2023-08-15 11:13:29.799 [main] wire - http-outgoing-0 << "HTTP/1.1 200 OK[\r][\n]"
[DEBUG] 2023-08-15 11:13:29.799 [main] wire - http-outgoing-0 << "Connection: keep-alive[\r][\n]"
[DEBUG] 2023-08-15 11:13:29.799 [main] wire - http-outgoing-0 << "Content-Length: 723[\r][\n]"
[DEBUG] 2023-08-15 11:13:29.799 [main] wire - http-outgoing-0 << "Cache-Control: max-age=300[\r][\n]"
[DEBUG] 2023-08-15 11:13:29.799 [main] wire - http-outgoing-0 << "Content-Security-Policy: default-src 'none'; style-src 'unsafe-inline'; sandbox[\r][\n]"
[DEBUG] 2023-08-15 11:13:29.799 [main] wire - http-outgoing-0 << "Content-Type: text/plain; charset=utf-8[\r][\n]"
[DEBUG] 2023-08-15 11:13:29.799 [main] wire - http-outgoing-0 << "ETag: W/"e82b438271e9e8680c688b0b680efd0bdd22faa6d6f0a32fc1fd8accc486b67e"[\r][\n]"
[DEBUG] 2023-08-15 11:13:29.799 [main] wire - http-outgoing-0 << "Strict-Transport-Security: max-age=31536000[\r][\n]"
[DEBUG] 2023-08-15 11:13:29.799 [main] wire - http-outgoing-0 << "X-Content-Type-Options: nosniff[\r][\n]"
[DEBUG] 2023-08-15 11:13:29.799 [main] wire - http-outgoing-0 << "X-Frame-Options: deny[\r][\n]"
[DEBUG] 2023-08-15 11:13:29.799 [main] wire - http-outgoing-0 << "X-XSS-Protection: 1; mode=block[\r][\n]"
[DEBUG] 2023-08-15 11:13:29.799 [main] wire - http-outgoing-0 << "X-GitHub-Request-Id: ADE4:F317:41760D:445ADE:64D1B40B[\r][\n]"
[DEBUG] 2023-08-15 11:13:29.799 [main] wire - http-outgoing-0 << "Content-Encoding: gzip[\r][\n]"
[DEBUG] 2023-08-15 11:13:29.799 [main] wire - http-outgoing-0 << "Accept-Ranges: bytes[\r][\n]"
[DEBUG] 2023-08-15 11:13:29.799 [main] wire - http-outgoing-0 << "Date: Tue, 15 Aug 2023 08:13:29 GMT[\r][\n]"
[DEBUG] 2023-08-15 11:13:29.799 [main] wire - http-outgoing-0 << "Via: 1.1 varnish[\r][\n]"
[DEBUG] 2023-08-15 11:13:29.799 [main] wire - http-outgoing-0 << "X-Served-By: cache-lin2290026-LIN[\r][\n]"
[DEBUG] 2023-08-15 11:13:29.799 [main] wire - http-outgoing-0 << "X-Cache: HIT[\r][\n]"
[DEBUG] 2023-08-15 11:13:29.799 [main] wire - http-outgoing-0 << "X-Cache-Hits: 2[\r][\n]"
[DEBUG] 2023-08-15 11:13:29.800 [main] wire - http-outgoing-0 << "X-Timer: S1692087210.733684,VS0,VE0[\r][\n]"
[DEBUG] 2023-08-15 11:13:29.800 [main] wire - http-outgoing-0 << "Vary: Authorization,Accept-Encoding,Origin[\r][\n]"
[DEBUG] 2023-08-15 11:13:29.800 [main] wire - http-outgoing-0 << "Access-Control-Allow-Origin: *[\r][\n]"
[DEBUG] 2023-08-15 11:13:29.800 [main] wire - http-outgoing-0 << "Cross-Origin-Resource-Policy: cross-origin[\r][\n]"
[DEBUG] 2023-08-15 11:13:29.800 [main] wire - http-outgoing-0 << "X-Fastly-Request-ID: 032deabe46cc6bca9bd9ecf3e4501443067949b6[\r][\n]"
[DEBUG] 2023-08-15 11:13:29.800 [main] wire - http-outgoing-0 << "Expires: Tue, 15 Aug 2023 08:18:29 GMT[\r][\n]"
[DEBUG] 2023-08-15 11:13:29.800 [main] wire - http-outgoing-0 << "Source-Age: 5[\r][\n]"
[DEBUG] 2023-08-15 11:13:29.800 [main] wire - http-outgoing-0 << "[\r][\n]"
[DEBUG] 2023-08-15 11:13:29.803 [main] headers - http-outgoing-0 << HTTP/1.1 200 OK
[DEBUG] 2023-08-15 11:13:29.803 [main] headers - http-outgoing-0 << Connection: keep-alive
[DEBUG] 2023-08-15 11:13:29.803 [main] headers - http-outgoing-0 << Content-Length: 723
[DEBUG] 2023-08-15 11:13:29.803 [main] headers - http-outgoing-0 << Cache-Control: max-age=300
[DEBUG] 2023-08-15 11:13:29.803 [main] headers - http-outgoing-0 << Content-Security-Policy: default-src 'none'; style-src 'unsafe-inline'; sandbox
[DEBUG] 2023-08-15 11:13:29.803 [main] headers - http-outgoing-0 << Content-Type: text/plain; charset=utf-8
[DEBUG] 2023-08-15 11:13:29.803 [main] headers - http-outgoing-0 << ETag: W/"e82b438271e9e8680c688b0b680efd0bdd22faa6d6f0a32fc1fd8accc486b67e"
[DEBUG] 2023-08-15 11:13:29.803 [main] headers - http-outgoing-0 << Strict-Transport-Security: max-age=31536000
[DEBUG] 2023-08-15 11:13:29.803 [main] headers - http-outgoing-0 << X-Content-Type-Options: nosniff
[DEBUG] 2023-08-15 11:13:29.803 [main] headers - http-outgoing-0 << X-Frame-Options: deny
[DEBUG] 2023-08-15 11:13:29.803 [main] headers - http-outgoing-0 << X-XSS-Protection: 1; mode=block
[DEBUG] 2023-08-15 11:13:29.803 [main] headers - http-outgoing-0 << X-GitHub-Request-Id: ADE4:F317:41760D:445ADE:64D1B40B
[DEBUG] 2023-08-15 11:13:29.803 [main] headers - http-outgoing-0 << Content-Encoding: gzip
[DEBUG] 2023-08-15 11:13:29.803 [main] headers - http-outgoing-0 << Accept-Ranges: bytes
[DEBUG] 2023-08-15 11:13:29.803 [main] headers - http-outgoing-0 << Date: Tue, 15 Aug 2023 08:13:29 GMT
[DEBUG] 2023-08-15 11:13:29.803 [main] headers - http-outgoing-0 << Via: 1.1 varnish
[DEBUG] 2023-08-15 11:13:29.803 [main] headers - http-outgoing-0 << X-Served-By: cache-lin2290026-LIN
[DEBUG] 2023-08-15 11:13:29.803 [main] headers - http-outgoing-0 << X-Cache: HIT
[DEBUG] 2023-08-15 11:13:29.803 [main] headers - http-outgoing-0 << X-Cache-Hits: 2
[DEBUG] 2023-08-15 11:13:29.804 [main] headers - http-outgoing-0 << X-Timer: S1692087210.733684,VS0,VE0
[DEBUG] 2023-08-15 11:13:29.804 [main] headers - http-outgoing-0 << Vary: Authorization,Accept-Encoding,Origin
[DEBUG] 2023-08-15 11:13:29.804 [main] headers - http-outgoing-0 << Access-Control-Allow-Origin: *
[DEBUG] 2023-08-15 11:13:29.804 [main] headers - http-outgoing-0 << Cross-Origin-Resource-Policy: cross-origin
[DEBUG] 2023-08-15 11:13:29.804 [main] headers - http-outgoing-0 << X-Fastly-Request-ID: 032deabe46cc6bca9bd9ecf3e4501443067949b6
[DEBUG] 2023-08-15 11:13:29.804 [main] headers - http-outgoing-0 << Expires: Tue, 15 Aug 2023 08:18:29 GMT
[DEBUG] 2023-08-15 11:13:29.804 [main] headers - http-outgoing-0 << Source-Age: 5
[DEBUG] 2023-08-15 11:13:29.808 [main] MainClientExec - ex-0000000001 connection can be kept alive for 3 MINUTES
[DEBUG] 2023-08-15 11:13:29.812 [main] wire - http-outgoing-0 << "[0x1f][0xffffff8b][0x8][0x0][0x0][0x0][0x0][0x0][0x0][0x3][0xffffffb5]V]o[0xffffffda]0[0x14]}[0xffffffe7]W\[0xffffff81]*[0xffffffb5][0x12][0x1f][[M[0xffffffd3]$[0x1e]hF[0xffffffbb]i [0x18][0xffffffb4][0xffffffdd]&[0xfffffff9][0xffffffc5]$7[0xffffffc1]R[0x12]#;[0xffffff94]v[0xffffffbf]~[0xffffffb6][0xfffffff3]1[0xffffff92][0xffffff9a][0xffffffc1][0x1a]x[0xffffffcb][0xffffffb5][0xffffffaf][0xffffffcf]9[0xffffffbe][0xfffffff7]8v[0xb][0x1c][0x1e]E4[0xfffffff6]$x4[0xffffffa1][0xb]*[0xffffffb1][0xffffffd1][0xffffff82][0xfffffffb]%[0xffffff93][0xffffffe0][0xffffffb3][0x10][0xffffffc1][0xffffffe5]qBY,!Y[0xffffffea] KM8,[0x10][0xfffffff0][0x19][0xffffffdd]u[0xffffff82][0x1e][0xffffffb0][0xffffffd8]L[0xffffffcb]%[0xffffff86][0xffffffa1][0xe][0xffffffb8][0xfffffff0]P[0xffffffe8]$[0xf][0x13]t[0x13]3[0xfffffff9][0xffffff84]B2[0xffffffae][0xffffffe6]|@[0xfffffff5][0x1d][0x8][0xffffffc4][0x18][0x16][0xffffff82]o[0xffffffa4][0xffffff9a]P[0xffffff94][0xffffffe7][0xffffffce]R[0xfffffff0][0x8][0xffffffdb]p[0xffffffcb][0x4][0xfffffffa][0xfffffffc][0xffffffb9][\r][0xffffff93][0x15][\n]"
[DEBUG] 2023-08-15 11:13:29.812 [main] wire - http-outgoing-0 << "[0xffffffda][0xffffff86][0xffffffa1][0x17][0xffffffa8]Q3[0xffffffcb][0xffffffd6][0xffffffd1][0xffffff85][0xffffffc6][0xfffffff7][0xffffff98][0xffffffef][0xffffffa3][0xffffffc0]8[0x1][0xffffffae]s[0x12][0x16][0x7] _d[0xffffff82][0xffffff91][0xffffff84][0xfffffff3][0x1f],[0xfffffff6][0x14]j[0x1b]F,^+[0xffffff98]1ua2[0xffffffbf]h([0xffffff8e][0xffffff94][0xffffffa2][0xffffff91]m[0xffffffa3][0xffffffeb][0xffffff9a][0xffffffb0][0xffffffbb]I[0x17]t[0xffffffdf][0xffffffbd][0xffffffef][0xffffffbb][0xffffff91][0xffffffd7]U[0xffffffbb][0xffffff82][0xffffff9e][0x3][0xffffff9b][0xffffff88][0xffffffb9][0xffffffa6]$[0xffffffa6][0xc][0xffffff9b][0xffffffa5][0xffffffe2][0xffffff83][0xffffff98]F[0xffffffd8]o[0xffffff9e]Mg[0xffffff93][0xffffffbb][0xffffffd9]`|[0xfffffffb]u4[0xffffff9c][0x7f]"}B[0xffffffce][0x8][0xffffffb9][0xffffffe3]<[0x8][0xffffff91][0xffffff90][0xffffff94][0xffffff82][0xffffff90][0xffffffc1]j[0x15]2WI[0xffffffe3]1![0x19][0xffffff91]BnB[0xffffff80][0x9]<f[0xffffffb5][0xffffffe8]=[0xffffffd1]p[0xffffffbd][[0xffffffcf][0xffffffe5][0x1b][0xfffffff4][0xffffff9c][0xffffffff][0xfffffffc][0xfffffff8][0xffffffe1][0xffffffe2][0xffffff94][0xffffffa2][0xffffffae][0xe][0x14]5[0xffffff9a]8[0xffffff83][0xffffffd1]`:[0xfffffffd]<[0xffffffb8][0x1f][0xffffff9c]R[0xffffffcf]u[0x7f]6[0xffffffbc][0xffffff83][0xffffffef][0xf][0xffffffc3][0xffffffd9]/[0xfffffff8][0xfffffff2][0xffffffcd]y s[0xffffffee]'[0x1b]*0g[0xffffffcb][0xffffffc8]nF7H][0xffffff83][0xffffff97]{[0xffffffb1]Q[0x5][\r][0xffffffb5]c[0xffffffb4][0xf][0x2][0xffffffb3][0xffffffb4][0xffffff93][0xe]C[0xffffffa7][0xffffffb3]kAD][0xffffff9d][0xffffffde][0xffffffdb][0xffffffda][0xffffff88][0xffffffec][0xffffffa5][0xffffffbc][0xffffff99][0xffffffd9][0xffffffba]t[0xffffffb5][0xffffffea]9[0xffffffea][0x10])[0xffffffb7][0xffffffca][0xffffff9e][0xfffffff2][0xffffffe2]d^N[0xffffffd8]FW[0x16][0xffffffcd][0xffffffdc]_[0x10][0xfffffff9]i|[0x1c][0xffffff93][0xffffff8e][0xfffffff9]o[0x16][0xffffff86]4'!$G[0xffffffdf]W[0xfffffff4]W*j[[0xfffffff3]xR[0xffffffae][0xffffffb6][0xc][0xffffffd0],; #[0xffffffa9][0xffffff92]5[0xffffffb5][0x7][0xffffff9c][0xffffffb5][0xffffffd0][0x7f][0xffffff90][0xffffffc7]jgs[0xfffffffc][0xffffffc2][0xb][0xffffffd9][0x0]t[0xffffff9e]^'Y[0xfffffffb][0xffffff9f][0xffffffb1][0xffffffd8]:[0xffffffbf][0xffffff8d][0xffffffa5][0xffffff9a][0xffffffad][0x7f]m[0x5]&[0xffffffaa][0xffffffa0]^[0xffffff9b][0xffffffcb][0x5]f[0xffffffae][0xffffffe0]RU[0xffffff82][0x10]MS9l[0xffffff91]4t[0xfffffffb][0xffffff8a]][0xffffffd6][0xfffffff4][0xffffff96][0xffffffa6][0xffffff9f]P[0xffffffce][0xffffffd5][0xffffffce][0xffffff93][0xffffffff][0xffffff97][0xffffffcc]p[0xfffffffd][0xfffffff3][0xffffffe8][0x1b][0xffffffcc][0xffffffa2][0xffffffd9]Q[0xffffffbe][0xffffffb2][0xffffffa3][0xffffffc7]m'[0xffffffdf][0xffffffe4][[0xfffffffb]^[0xffffffb0][0xffffff9a][0xffffffbe][0xffffffda][0xffffffda]_[0xffffffce][0xffffff80][0xffffffd2][0xffffffc1]7[0xffffffb7]][0xffffffc1]b[0xffffffee][0xffffffb5][0xffffffff]w[0xffffff83][0xffffffed][0xffffffa7];[0x15]<[0x10]4[0xffffff92][0xffffff84][0x18][\n]"
[DEBUG] 2023-08-15 11:13:29.812 [main] wire - http-outgoing-0 << "BB[0xffffffba][0xffffff8e]][0xffffffb5]jo[0xffffffb9]+"[0xffffffea][0xffffffb4][0xffffffff]h"[0xffffffea]\?5[0xffffffa9][0xffffffaf]k[0xffffffec][0xffffffff]P[0xffffffea][\n]"
[DEBUG] 2023-08-15 11:13:29.812 [main] wire - http-outgoing-0 << "w[0xffffffe1]K[0x13][0xffffffda][0xffffffec][0xffffff98][0xffffffe6]Y[0xfffffffd]h8m6[0xffffff9c]T[0xffffffc1][0xfffffff2][0xffffffa7][0xffffff91]z_[0xffffff95]o85p[0x1c][0x13][0xffffffe6][0xfffffff0]5[0xffffffee][0xfffffffc][0xffffff92][0xffffff96][0xffffffda][0xfffffff7][0xffffffcf][0xffffffb1][0x5][0x1d][0xffffffea]K[0xffffff9b]9[0xffffff8e][0xffffffad]e[0xfffffff7][0xffffff93][0xffffffa8]`[0xffffffda][0xffffffff][0x1a][0xffffffd2][0xffffff88][0xffffff85][0xfffffffd][0xfffffff2][0xffffff91]N[0xfffffff6]`[0xffffffdf]2[0xffffffcf][0xffffffae]E[0xffffff97][0xffffffc5][0xffffffa2][0xffffff9d][0xffffffef]'[0xffffff9d]mun.[0xffffffd3]f^[0xffffffc7][0xffffff82][0xffffffda][0xffffff82]9[0xfffffff5][0xffffffa9]`[0x5][0xffffffbc]4[0xffffffa1][0x1d]<M[0xffffffb5]A[0xffffffa7]3[[0xffffffc0][0x7f][0x0][0xffffffc1][0xffffffd0]$[0xffffff85][0x1d][\r][0x0][0x0]"
[DEBUG] 2023-08-15 11:13:29.814 [main] InternalHttpClient - ep-0000000001 releasing valid endpoint
[DEBUG] 2023-08-15 11:13:29.814 [main] PoolingHttpClientConnectionManager - ep-0000000001 releasing endpoint
[DEBUG] 2023-08-15 11:13:29.814 [main] PoolingHttpClientConnectionManager - ep-0000000001 connection http-outgoing-0 can be kept alive for 3 MINUTES
[DEBUG] 2023-08-15 11:13:29.816 [main] PoolingHttpClientConnectionManager - ep-0000000001 connection released [route: {s}->https://raw.githubusercontent.com:443][total available: 1; route allocated: 1 of 5; total allocated: 1 of 25]
[DEBUG] 2023-08-15 11:13:29.816 [main] VersionDetector - Detecting edge version using online commands.properties
[DEBUG] 2023-08-15 11:13:29.819 [main] Shell - Running command on the shell: [cmd.exe, /C, wmic, datafile, where, name="%PROGRAMFILES(X86):\=\\%\\Microsoft\\Edge\\Application\\msedge.exe", get, Version, /value]
[DEBUG] 2023-08-15 11:13:30.202 [main] Shell - Result: Version=115.0.1901.203
[DEBUG] 2023-08-15 11:13:30.204 [main] ResolutionCache - Resolution edge115=115.0.1901.203 in cache (valid until 16:53:17 15/08/2023 EEST)
[INFO ] 2023-08-15 11:13:30.205 [main] WebDriverManager - Using msedgedriver 115.0.1901.203 (resolved driver for Edge 115)
[DEBUG] 2023-08-15 11:13:30.206 [main] ResolutionCache - Storing resolution edge=115 in cache (valid until 12:13:30 15/08/2023 EEST)
[DEBUG] 2023-08-15 11:13:30.212 [main] WebDriverManager - Driver msedgedriver 115.0.1901.203 found in cache
[INFO ] 2023-08-15 11:13:30.213 [main] WebDriverManager - Exporting webdriver.edge.driver as C:\Users\YoussifM\.cache\selenium\msedgedriver\win64\115.0.1901.203\msedgedriver.exe
[INFO ] 2023-08-15 11:13:32.152 [main] ReportManager - Successfully Opened: "windows | Microsoft edge".
[INFO ] 2023-08-15 11:13:32.215 [main] ReportManager - Target URL: "https://automationexercise.com/"
[INFO ] 2023-08-15 11:13:32.240 [main] ReportManager - Initial URL: "data:,"
[INFO ] 2023-08-15 11:13:49.423 [main] ReportManager - File Action "CreateFile" successfully performed. With the following test data "Target Folder: "allure-results//screenshots/20230815-111348", Target File: "\1692087228453_beforeUserRegister.gif"".
[INFO ] 2023-08-15 11:13:51.798 [main] ReportManager - Navigate to url "https://automationexercise.com/".
[INFO ] 2023-08-15 11:13:52.208 [main] ReportManager - 
[0;7m------------------------------------------------------------------------------------------------------------------------------------------------
                                        Starting Execution: '1 out of 1' test cases in the current suite                                        
                                             Test Method: 'TestRegisterUser.checkUserRegisteration'                                             
------------------------------------------------------------------------------------------------------------------------------------------------
[0m
[INFO ] 2023-08-15 11:13:53.734 [main] ReportManager - Moved the mouse to the middle of the element.
[INFO ] 2023-08-15 11:13:53.890 [main] ReportManager - Click " Signup / Login".
[INFO ] 2023-08-15 11:13:57.471 [main] ReportManager - Assertion "ValidateElementExists" PASSED. Expected "Element Should Exist, locator 'By.xpath: //div[@class='signup-form']//h2'" and Actual "Element Exists". Comparison Type "EQUALS". Validation Type "POSITIVE".
[INFO ] 2023-08-15 11:13:57.561 [main] ReportManager - Successfully created attachment 'Screenshot - 1692087236942_checkUserRegisteration_ValidateElementExists_passed'
[INFO ] 2023-08-15 11:13:58.801 [main] ReportManager - Type "Mohamed" into "Name".
[INFO ] 2023-08-15 11:13:59.916 [main] ReportManager - Type "mohamed1692087233923@gmail.com" into "Email Address".
[INFO ] 2023-08-15 11:14:00.962 [main] ReportManager - Moved the mouse to the middle of the element.
[INFO ] 2023-08-15 11:14:01.059 [main] ReportManager - Click "Signup".
[INFO ] 2023-08-15 11:14:04.487 [main] ReportManager - Assertion "ValidateElementExists" PASSED. Expected "Element Should Exist, locator 'By.xpath: //b[contains(text(), 'Enter Account Information')]'" and Actual "Element Exists". Comparison Type "EQUALS". Validation Type "POSITIVE".
[INFO ] 2023-08-15 11:14:04.497 [main] ReportManager - Successfully created attachment 'Screenshot - 1692087244040_checkUserRegisteration_ValidateElementExists_passed'
[INFO ] 2023-08-15 11:14:05.581 [main] ReportManager - Moved the mouse to the middle of the element.
[INFO ] 2023-08-15 11:14:05.686 [main] ReportManager - Click "Mr.".
[INFO ] 2023-08-15 11:14:06.955 [main] ReportManager - Type "@Yussif010" into "Password *".
[INFO ] 2023-08-15 11:14:10.051 [main] ReportManager - Select "17" from "By.id: days".
[INFO ] 2023-08-15 11:14:12.288 [main] ReportManager - Select "5" from "By.id: months".
[INFO ] 2023-08-15 11:14:15.552 [main] ReportManager - Select "1998" from "By.id: years".
[INFO ] 2023-08-15 11:14:16.597 [main] ReportManager - Moved the mouse to the middle of the element.
[INFO ] 2023-08-15 11:14:16.703 [main] ReportManager - Click "Sign up for our newsletter!".
[INFO ] 2023-08-15 11:14:17.770 [main] ReportManager - Moved the mouse to the middle of the element.
[INFO ] 2023-08-15 11:14:17.869 [main] ReportManager - Click "Receive special offers from our partners!".
[INFO ] 2023-08-15 11:14:18.975 [main] ReportManager - Type "mohamed" into "First name *".
[INFO ] 2023-08-15 11:14:20.064 [main] ReportManager - Type "yussif" into "Last name *".
[INFO ] 2023-08-15 11:14:21.193 [main] ReportManager - Type "_VOIS" into "Company".
[INFO ] 2023-08-15 11:14:22.281 [main] ReportManager - Type "maadi" into "Address * (Street address, P.O. Box, Company name, etc.)".
[INFO ] 2023-08-15 11:14:23.376 [main] ReportManager - Type "Old Egypt" into "Address 2".
[INFO ] 2023-08-15 11:14:24.418 [main] ReportManager - Moved the mouse to the middle of the element.
[INFO ] 2023-08-15 11:14:24.548 [main] ReportManager - Click "Country *".
[INFO ] 2023-08-15 11:14:26.089 [main] ReportManager - Select "India" from "Country *".
[INFO ] 2023-08-15 11:14:27.236 [main] ReportManager - Type "old egypt" into "State *".
[INFO ] 2023-08-15 11:14:28.339 [main] ReportManager - Type "cairo" into "City * Zipcode *".
[INFO ] 2023-08-15 11:14:29.423 [main] ReportManager - Type "11211" into "By.id: zipcode".
[INFO ] 2023-08-15 11:14:30.561 [main] ReportManager - Type "01146771200" into "Mobile Number *".
[INFO ] 2023-08-15 11:14:31.599 [main] ReportManager - Moved the mouse to the middle of the element.
[INFO ] 2023-08-15 11:14:31.679 [main] ReportManager - Click "Create Account".
[INFO ] 2023-08-15 11:14:35.662 [main] ReportManager - Assertion "ValidateElementExists" PASSED. Expected "Element Should Exist, locator 'By.xpath: //h2[@class='title text-center']/b'" and Actual "Element Exists". Comparison Type "EQUALS". Validation Type "POSITIVE".
[INFO ] 2023-08-15 11:14:35.670 [main] ReportManager - Successfully created attachment 'Screenshot - 1692087275256_checkUserRegisteration_ValidateElementExists_passed'
[INFO ] 2023-08-15 11:14:36.668 [main] ReportManager - Moved the mouse to the middle of the element.
[INFO ] 2023-08-15 11:14:36.753 [main] ReportManager - Click "Continue".
[INFO ] 2023-08-15 11:14:42.771 [main] ReportManager - Assertion "ValidateElementExists" PASSED. Expected "Element Should Exist, locator 'By.xpath: //i[@class='fa fa-user']//parent::a'" and Actual "Element Exists". Comparison Type "EQUALS". Validation Type "POSITIVE".
[INFO ] 2023-08-15 11:14:42.781 [main] ReportManager - Successfully created attachment 'Screenshot - 1692087282084_checkUserRegisteration_ValidateElementExists_passed'
[INFO ] 2023-08-15 11:14:43.778 [main] ReportManager - Moved the mouse to the middle of the element.
[INFO ] 2023-08-15 11:14:43.863 [main] ReportManager - Click " Delete Account".
[INFO ] 2023-08-15 11:14:46.793 [main] ReportManager - Assertion "ValidateElementExists" PASSED. Expected "Element Should Exist, locator 'By.xpath: //h2//b'" and Actual "Element Exists". Comparison Type "EQUALS". Validation Type "POSITIVE".
[INFO ] 2023-08-15 11:14:46.803 [main] ReportManager - Successfully created attachment 'Screenshot - 1692087286402_checkUserRegisteration_ValidateElementExists_passed'
[INFO ] 2023-08-15 11:14:47.819 [main] ReportManager - Moved the mouse to the middle of the element.
[INFO ] 2023-08-15 11:14:47.904 [main] ReportManager - Click "Continue".
[INFO ] 2023-08-15 11:14:47.943 [main] ReportManager - Successfully created attachment 'Animated Gif - checkUserRegisteration'
[INFO ] 2023-08-15 11:14:47.955 [main] ReportManager - Successfully created attachment 'SHAFT Engine Logs - Current Method log: beforeUserRegister'
[INFO ] 2023-08-15 11:14:47.961 [main] ReportManager - Successfully created attachment 'SHAFT Engine Logs - Current Method log: checkUserRegisteration'
[INFO ] 2023-08-15 11:14:48.013 [main] ReportManager - 
[0;7m------------------------------------------------------------------------------------------------------------------------------------------------
                                         Starting execution of after register user configuration method                                         
                                                      'TestRegisterUser.afterRegisterUser'                                                      
------------------------------------------------------------------------------------------------------------------------------------------------
[0m
[INFO ] 2023-08-15 11:15:09.583 [main] ReportManager - Successfully Closed Driver.
[ERROR] 2023-08-15 11:15:09.586 [main] AllureLifecycle - Could not add attachment: no test is running
[INFO ] 2023-08-15 11:15:09.589 [main] ReportManager - Successfully created attachment 'SHAFT Engine Logs - Current Method log: afterRegisterUser'
[INFO ] 2023-08-15 11:15:09.601 [main] ReportManager - 
[0;7m------------------------------------------------------------------------------------------------------------------------------------------------
                                           Starting execution of engine teardown configuration method                                           
                                        'com.shaft.listeners.internal.ConfigurationHelper.engineTeardown'                                        
------------------------------------------------------------------------------------------------------------------------------------------------
[0m
[INFO ] 2023-08-15 11:15:09.602 [main] ReportManager - Successfully created attachment 'SHAFT Engine Logs - Execution log'
[INFO ] 2023-08-15 11:15:09.603 [main] ReportManager - File Action "DoesFileExist" successfully performed. With the following test data "File Path: "target/logs/log4j.log"".
[INFO ] 2023-08-15 11:15:09.604 [main] ReportManager - File Action "GetAbsolutePath" successfully performed. With the following test data "Relative Folder Path: "target/logs/log4j.log"".
[INFO ] 2023-08-15 11:15:09.626 [main] ReportManager - File Action "ReadFileAsByteArray" successfully performed. With the following test data "File Path: "C:\Users\YoussifM\OneDrive - Vodafone Group\Desktop\Academyb2Shaft\target\logs\log4j.log"".
[INFO ] 2023-08-15 11:15:09.628 [main] ReportManager - File Action "DeleteFile" successfully performed. With the following test data "Target File Path: "target/logs/log4j.log", file was not deleted.".
[INFO ] 2023-08-15 11:15:09.630 [main] ReportManager - Successfully created attachment 'SHAFT Engine Logs - Execution log: 20230815-111509'
[DEBUG] 2023-08-15 11:15:09.682 [main] cache - Couldn't find template in cache for "spark/spark.spa.ftl"("en_US", UTF-8, parsed); will try to load it.
[DEBUG] 2023-08-15 11:15:09.683 [main] cache - TemplateLoader.findTemplateSource("spark/spark.spa_en_US.ftl"): Not found
[DEBUG] 2023-08-15 11:15:09.685 [main] cache - TemplateLoader.findTemplateSource("spark/spark.spa_en.ftl"): Not found
[DEBUG] 2023-08-15 11:15:09.686 [main] cache - TemplateLoader.findTemplateSource("spark/spark.spa.ftl"): Found
[DEBUG] 2023-08-15 11:15:09.686 [main] cache - Loading template for "spark/spark.spa.ftl"("en_US", UTF-8, parsed) from "jar:file:/C:/Users/YoussifM/.m2/repository/com/aventstack/extentreports/5.0.9/extentreports-5.0.9.jar!/com/aventstack/extentreports/templates/spark/spark.spa.ftl"
[DEBUG] 2023-08-15 11:15:09.809 [main] cache - Couldn't find template in cache for "commons/commons-variables.ftl"("en_US", UTF-8, parsed); will try to load it.
[DEBUG] 2023-08-15 11:15:09.810 [main] cache - TemplateLoader.findTemplateSource("commons/commons-variables_en_US.ftl"): Not found
[DEBUG] 2023-08-15 11:15:09.810 [main] cache - TemplateLoader.findTemplateSource("commons/commons-variables_en.ftl"): Not found
[DEBUG] 2023-08-15 11:15:09.810 [main] cache - TemplateLoader.findTemplateSource("commons/commons-variables.ftl"): Found
[DEBUG] 2023-08-15 11:15:09.810 [main] cache - Loading template for "commons/commons-variables.ftl"("en_US", UTF-8, parsed) from "jar:file:/C:/Users/YoussifM/.m2/repository/com/aventstack/extentreports/5.0.9/extentreports-5.0.9.jar!/com/aventstack/extentreports/templates/commons/commons-variables.ftl"
[DEBUG] 2023-08-15 11:15:09.944 [main] cache - Couldn't find template in cache for "commons/commons-macros.ftl"("en_US", UTF-8, parsed); will try to load it.
[DEBUG] 2023-08-15 11:15:09.944 [main] cache - TemplateLoader.findTemplateSource("commons/commons-macros_en_US.ftl"): Not found
[DEBUG] 2023-08-15 11:15:09.945 [main] cache - TemplateLoader.findTemplateSource("commons/commons-macros_en.ftl"): Not found
[DEBUG] 2023-08-15 11:15:09.945 [main] cache - TemplateLoader.findTemplateSource("commons/commons-macros.ftl"): Found
[DEBUG] 2023-08-15 11:15:09.945 [main] cache - Loading template for "commons/commons-macros.ftl"("en_US", UTF-8, parsed) from "jar:file:/C:/Users/YoussifM/.m2/repository/com/aventstack/extentreports/5.0.9/extentreports-5.0.9.jar!/com/aventstack/extentreports/templates/commons/commons-macros.ftl"
[DEBUG] 2023-08-15 11:15:09.951 [main] cache - Couldn't find template in cache for "spark/macros/attributes.ftl"("en_US", UTF-8, parsed); will try to load it.
[DEBUG] 2023-08-15 11:15:09.952 [main] cache - TemplateLoader.findTemplateSource("spark/macros/attributes_en_US.ftl"): Not found
[DEBUG] 2023-08-15 11:15:09.952 [main] cache - TemplateLoader.findTemplateSource("spark/macros/attributes_en.ftl"): Not found
[DEBUG] 2023-08-15 11:15:09.952 [main] cache - TemplateLoader.findTemplateSource("spark/macros/attributes.ftl"): Found
[DEBUG] 2023-08-15 11:15:09.952 [main] cache - Loading template for "spark/macros/attributes.ftl"("en_US", UTF-8, parsed) from "jar:file:/C:/Users/YoussifM/.m2/repository/com/aventstack/extentreports/5.0.9/extentreports-5.0.9.jar!/com/aventstack/extentreports/templates/spark/macros/attributes.ftl"
[DEBUG] 2023-08-15 11:15:09.953 [main] cache - Couldn't find template in cache for "spark/macros/log.ftl"("en_US", UTF-8, parsed); will try to load it.
[DEBUG] 2023-08-15 11:15:09.953 [main] cache - TemplateLoader.findTemplateSource("spark/macros/log_en_US.ftl"): Not found
[DEBUG] 2023-08-15 11:15:09.954 [main] cache - TemplateLoader.findTemplateSource("spark/macros/log_en.ftl"): Not found
[DEBUG] 2023-08-15 11:15:09.954 [main] cache - TemplateLoader.findTemplateSource("spark/macros/log.ftl"): Found
[DEBUG] 2023-08-15 11:15:09.954 [main] cache - Loading template for "spark/macros/log.ftl"("en_US", UTF-8, parsed) from "jar:file:/C:/Users/YoussifM/.m2/repository/com/aventstack/extentreports/5.0.9/extentreports-5.0.9.jar!/com/aventstack/extentreports/templates/spark/macros/log.ftl"
[DEBUG] 2023-08-15 11:15:09.955 [main] cache - Couldn't find template in cache for "spark/macros/recurse_nodes.ftl"("en_US", UTF-8, parsed); will try to load it.
[DEBUG] 2023-08-15 11:15:09.955 [main] cache - TemplateLoader.findTemplateSource("spark/macros/recurse_nodes_en_US.ftl"): Not found
[DEBUG] 2023-08-15 11:15:09.955 [main] cache - TemplateLoader.findTemplateSource("spark/macros/recurse_nodes_en.ftl"): Not found
[DEBUG] 2023-08-15 11:15:09.955 [main] cache - TemplateLoader.findTemplateSource("spark/macros/recurse_nodes.ftl"): Found
[DEBUG] 2023-08-15 11:15:09.955 [main] cache - Loading template for "spark/macros/recurse_nodes.ftl"("en_US", UTF-8, parsed) from "jar:file:/C:/Users/YoussifM/.m2/repository/com/aventstack/extentreports/5.0.9/extentreports-5.0.9.jar!/com/aventstack/extentreports/templates/spark/macros/recurse_nodes.ftl"
[DEBUG] 2023-08-15 11:15:09.957 [main] cache - "spark/macros/log.ftl"("en_US", UTF-8, parsed) cached copy not yet stale; using cached.
[DEBUG] 2023-08-15 11:15:09.957 [main] cache - Couldn't find template in cache for "spark/macros/attr-common.ftl"("en_US", UTF-8, parsed); will try to load it.
[DEBUG] 2023-08-15 11:15:09.957 [main] cache - TemplateLoader.findTemplateSource("spark/macros/attr-common_en_US.ftl"): Not found
[DEBUG] 2023-08-15 11:15:09.957 [main] cache - TemplateLoader.findTemplateSource("spark/macros/attr-common_en.ftl"): Not found
[DEBUG] 2023-08-15 11:15:09.958 [main] cache - TemplateLoader.findTemplateSource("spark/macros/attr-common.ftl"): Found
[DEBUG] 2023-08-15 11:15:09.958 [main] cache - Loading template for "spark/macros/attr-common.ftl"("en_US", UTF-8, parsed) from "jar:file:/C:/Users/YoussifM/.m2/repository/com/aventstack/extentreports/5.0.9/extentreports-5.0.9.jar!/com/aventstack/extentreports/templates/spark/macros/attr-common.ftl"
[DEBUG] 2023-08-15 11:15:09.962 [main] cache - Couldn't find template in cache for "spark/partials/head.ftl"("en_US", UTF-8, parsed); will try to load it.
[DEBUG] 2023-08-15 11:15:09.963 [main] cache - TemplateLoader.findTemplateSource("spark/partials/head_en_US.ftl"): Not found
[DEBUG] 2023-08-15 11:15:09.963 [main] cache - TemplateLoader.findTemplateSource("spark/partials/head_en.ftl"): Not found
[DEBUG] 2023-08-15 11:15:09.963 [main] cache - TemplateLoader.findTemplateSource("spark/partials/head.ftl"): Found
[DEBUG] 2023-08-15 11:15:09.963 [main] cache - Loading template for "spark/partials/head.ftl"("en_US", UTF-8, parsed) from "jar:file:/C:/Users/YoussifM/.m2/repository/com/aventstack/extentreports/5.0.9/extentreports-5.0.9.jar!/com/aventstack/extentreports/templates/spark/partials/head.ftl"
[DEBUG] 2023-08-15 11:15:09.966 [main] cache - Couldn't find template in cache for "commons/commons-inject-css.ftl"("en_US", UTF-8, parsed); will try to load it.
[DEBUG] 2023-08-15 11:15:09.966 [main] cache - TemplateLoader.findTemplateSource("commons/commons-inject-css_en_US.ftl"): Not found
[DEBUG] 2023-08-15 11:15:09.966 [main] cache - TemplateLoader.findTemplateSource("commons/commons-inject-css_en.ftl"): Not found
[DEBUG] 2023-08-15 11:15:09.966 [main] cache - TemplateLoader.findTemplateSource("commons/commons-inject-css.ftl"): Found
[DEBUG] 2023-08-15 11:15:09.966 [main] cache - Loading template for "commons/commons-inject-css.ftl"("en_US", UTF-8, parsed) from "jar:file:/C:/Users/YoussifM/.m2/repository/com/aventstack/extentreports/5.0.9/extentreports-5.0.9.jar!/com/aventstack/extentreports/templates/commons/commons-inject-css.ftl"
[DEBUG] 2023-08-15 11:15:09.967 [main] cache - Couldn't find template in cache for "spark/partials/navbar.ftl"("en_US", UTF-8, parsed); will try to load it.
[DEBUG] 2023-08-15 11:15:09.967 [main] cache - TemplateLoader.findTemplateSource("spark/partials/navbar_en_US.ftl"): Not found
[DEBUG] 2023-08-15 11:15:09.968 [main] cache - TemplateLoader.findTemplateSource("spark/partials/navbar_en.ftl"): Not found
[DEBUG] 2023-08-15 11:15:09.968 [main] cache - TemplateLoader.findTemplateSource("spark/partials/navbar.ftl"): Found
[DEBUG] 2023-08-15 11:15:09.968 [main] cache - Loading template for "spark/partials/navbar.ftl"("en_US", UTF-8, parsed) from "jar:file:/C:/Users/YoussifM/.m2/repository/com/aventstack/extentreports/5.0.9/extentreports-5.0.9.jar!/com/aventstack/extentreports/templates/spark/partials/navbar.ftl"
[DEBUG] 2023-08-15 11:15:09.975 [main] cache - Couldn't find template in cache for "spark/partials/sidenav.ftl"("en_US", UTF-8, parsed); will try to load it.
[DEBUG] 2023-08-15 11:15:09.975 [main] cache - TemplateLoader.findTemplateSource("spark/partials/sidenav_en_US.ftl"): Not found
[DEBUG] 2023-08-15 11:15:09.976 [main] cache - TemplateLoader.findTemplateSource("spark/partials/sidenav_en.ftl"): Not found
[DEBUG] 2023-08-15 11:15:09.976 [main] cache - TemplateLoader.findTemplateSource("spark/partials/sidenav.ftl"): Found
[DEBUG] 2023-08-15 11:15:09.976 [main] cache - Loading template for "spark/partials/sidenav.ftl"("en_US", UTF-8, parsed) from "jar:file:/C:/Users/YoussifM/.m2/repository/com/aventstack/extentreports/5.0.9/extentreports-5.0.9.jar!/com/aventstack/extentreports/templates/spark/partials/sidenav.ftl"
[DEBUG] 2023-08-15 11:15:09.985 [main] cache - Couldn't find template in cache for "spark/partials/dashboard.ftl"("en_US", UTF-8, parsed); will try to load it.
[DEBUG] 2023-08-15 11:15:09.985 [main] cache - TemplateLoader.findTemplateSource("spark/partials/dashboard_en_US.ftl"): Not found
[DEBUG] 2023-08-15 11:15:09.985 [main] cache - TemplateLoader.findTemplateSource("spark/partials/dashboard_en.ftl"): Not found
[DEBUG] 2023-08-15 11:15:09.986 [main] cache - TemplateLoader.findTemplateSource("spark/partials/dashboard.ftl"): Found
[DEBUG] 2023-08-15 11:15:09.986 [main] cache - Loading template for "spark/partials/dashboard.ftl"("en_US", UTF-8, parsed) from "jar:file:/C:/Users/YoussifM/.m2/repository/com/aventstack/extentreports/5.0.9/extentreports-5.0.9.jar!/com/aventstack/extentreports/templates/spark/partials/dashboard.ftl"
[DEBUG] 2023-08-15 11:15:10.008 [main] cache - Couldn't find template in cache for "spark/partials/test.ftl"("en_US", UTF-8, parsed); will try to load it.
[DEBUG] 2023-08-15 11:15:10.008 [main] cache - TemplateLoader.findTemplateSource("spark/partials/test_en_US.ftl"): Not found
[DEBUG] 2023-08-15 11:15:10.008 [main] cache - TemplateLoader.findTemplateSource("spark/partials/test_en.ftl"): Not found
[DEBUG] 2023-08-15 11:15:10.008 [main] cache - TemplateLoader.findTemplateSource("spark/partials/test.ftl"): Found
[DEBUG] 2023-08-15 11:15:10.008 [main] cache - Loading template for "spark/partials/test.ftl"("en_US", UTF-8, parsed) from "jar:file:/C:/Users/YoussifM/.m2/repository/com/aventstack/extentreports/5.0.9/extentreports-5.0.9.jar!/com/aventstack/extentreports/templates/spark/partials/test.ftl"
[DEBUG] 2023-08-15 11:15:10.013 [main] cache - Couldn't find template in cache for "spark/partials/standard-content.ftl"("en_US", UTF-8, parsed); will try to load it.
[DEBUG] 2023-08-15 11:15:10.014 [main] cache - TemplateLoader.findTemplateSource("spark/partials/standard-content_en_US.ftl"): Not found
[DEBUG] 2023-08-15 11:15:10.014 [main] cache - TemplateLoader.findTemplateSource("spark/partials/standard-content_en.ftl"): Not found
[DEBUG] 2023-08-15 11:15:10.014 [main] cache - TemplateLoader.findTemplateSource("spark/partials/standard-content.ftl"): Found
[DEBUG] 2023-08-15 11:15:10.014 [main] cache - Loading template for "spark/partials/standard-content.ftl"("en_US", UTF-8, parsed) from "jar:file:/C:/Users/YoussifM/.m2/repository/com/aventstack/extentreports/5.0.9/extentreports-5.0.9.jar!/com/aventstack/extentreports/templates/spark/partials/standard-content.ftl"
[DEBUG] 2023-08-15 11:15:10.037 [main] cache - Couldn't find template in cache for "spark/partials/exception.ftl"("en_US", UTF-8, parsed); will try to load it.
[DEBUG] 2023-08-15 11:15:10.038 [main] cache - TemplateLoader.findTemplateSource("spark/partials/exception_en_US.ftl"): Not found
[DEBUG] 2023-08-15 11:15:10.038 [main] cache - TemplateLoader.findTemplateSource("spark/partials/exception_en.ftl"): Not found
[DEBUG] 2023-08-15 11:15:10.038 [main] cache - TemplateLoader.findTemplateSource("spark/partials/exception.ftl"): Found
[DEBUG] 2023-08-15 11:15:10.038 [main] cache - Loading template for "spark/partials/exception.ftl"("en_US", UTF-8, parsed) from "jar:file:/C:/Users/YoussifM/.m2/repository/com/aventstack/extentreports/5.0.9/extentreports-5.0.9.jar!/com/aventstack/extentreports/templates/spark/partials/exception.ftl"
[DEBUG] 2023-08-15 11:15:10.040 [main] cache - Couldn't find template in cache for "spark/partials/log.ftl"("en_US", UTF-8, parsed); will try to load it.
[DEBUG] 2023-08-15 11:15:10.040 [main] cache - TemplateLoader.findTemplateSource("spark/partials/log_en_US.ftl"): Not found
[DEBUG] 2023-08-15 11:15:10.040 [main] cache - TemplateLoader.findTemplateSource("spark/partials/log_en.ftl"): Not found
[DEBUG] 2023-08-15 11:15:10.040 [main] cache - TemplateLoader.findTemplateSource("spark/partials/log.ftl"): Found
[DEBUG] 2023-08-15 11:15:10.040 [main] cache - Loading template for "spark/partials/log.ftl"("en_US", UTF-8, parsed) from "jar:file:/C:/Users/YoussifM/.m2/repository/com/aventstack/extentreports/5.0.9/extentreports-5.0.9.jar!/com/aventstack/extentreports/templates/spark/partials/log.ftl"
[DEBUG] 2023-08-15 11:15:10.042 [main] cache - Couldn't find template in cache for "spark/partials/scripts.ftl"("en_US", UTF-8, parsed); will try to load it.
[DEBUG] 2023-08-15 11:15:10.042 [main] cache - TemplateLoader.findTemplateSource("spark/partials/scripts_en_US.ftl"): Not found
[DEBUG] 2023-08-15 11:15:10.042 [main] cache - TemplateLoader.findTemplateSource("spark/partials/scripts_en.ftl"): Not found
[DEBUG] 2023-08-15 11:15:10.042 [main] cache - TemplateLoader.findTemplateSource("spark/partials/scripts.ftl"): Found
[DEBUG] 2023-08-15 11:15:10.042 [main] cache - Loading template for "spark/partials/scripts.ftl"("en_US", UTF-8, parsed) from "jar:file:/C:/Users/YoussifM/.m2/repository/com/aventstack/extentreports/5.0.9/extentreports-5.0.9.jar!/com/aventstack/extentreports/templates/spark/partials/scripts.ftl"
[DEBUG] 2023-08-15 11:15:10.043 [main] cache - Couldn't find template in cache for "commons/commons-inject-js.ftl"("en_US", UTF-8, parsed); will try to load it.
[DEBUG] 2023-08-15 11:15:10.043 [main] cache - TemplateLoader.findTemplateSource("commons/commons-inject-js_en_US.ftl"): Not found
[DEBUG] 2023-08-15 11:15:10.043 [main] cache - TemplateLoader.findTemplateSource("commons/commons-inject-js_en.ftl"): Not found
[DEBUG] 2023-08-15 11:15:10.043 [main] cache - TemplateLoader.findTemplateSource("commons/commons-inject-js.ftl"): Found
[DEBUG] 2023-08-15 11:15:10.044 [main] cache - Loading template for "commons/commons-inject-js.ftl"("en_US", UTF-8, parsed) from "jar:file:/C:/Users/YoussifM/.m2/repository/com/aventstack/extentreports/5.0.9/extentreports-5.0.9.jar!/com/aventstack/extentreports/templates/commons/commons-inject-js.ftl"
[INFO ] 2023-08-15 11:15:10.078 [main] ReportManager - File Action "DoesFileExist" successfully performed. With the following test data "File Path: "allure-results/cucumberReport.html"".
[INFO ] 2023-08-15 11:15:10.081 [main] ReportManager - Successfully created attachment 'HTML - Checkpoints Report'
[INFO ] 2023-08-15 11:15:10.082 [main] ReportManager - Driver is already closed.
[INFO ] 2023-08-15 11:15:10.087 [main] ReportManager - ===============================================
[INFO ] 2023-08-15 11:15:10.088 [main] ReportManager - Suite
[INFO ] 2023-08-15 11:15:10.088 [main] ReportManager - Total tests run: 1, Passes: 1, Failures: 0, Skips: 0
[INFO ] 2023-08-15 11:15:10.088 [main] ReportManager - ===============================================
[INFO ] 2023-08-15 11:15:10.103 [main] ReportManager - Executing: ".\generate_allure_report.bat" locally.
[INFO ] 2023-08-15 11:15:10.119 [main] ReportManager - Terminal Action "PerformTerminalCommands" successfully performed. With the following test data "Host Name: "localHost" | Command: "generate_allure_report.bat" | Exit Status: "asynchronous"".
[INFO ] 2023-08-15 11:15:10.125 [main] ReportManager - File Action "GetAbsolutePath" successfully performed. With the following test data "Relative File Path: "execution-summary/ExecutionSummaryReport_15-08-2023_11-15-10-0122-AM.html"".
[INFO ] 2023-08-15 11:15:10.131 [main] ReportManager - File Action "WriteToFile" successfully performed. With the following test data "Target File Path: "C:\Users\YoussifM\OneDrive - Vodafone Group\Desktop\Academyb2Shaft\execution-summary\ExecutionSummaryReport_15-08-2023_11-15-10-0122-AM.html"".
[INFO ] 2023-08-15 11:15:10.138 [main] ReportManager - Executing: ".\execution-summary/ExecutionSummaryReport_*.html" locally.
[INFO ] 2023-08-15 11:15:10.870 [main] ReportManager - Terminal Action "PerformTerminalCommands" successfully performed. With the following test data "Host Name: "localHost" | Command: ".\execution-summary/ExecutionSummaryReport_*.html" | Exit Status: "0"".
[INFO ] 2023-08-15 11:15:10.870 [main] ReportManager - 
[0;7m------------------------------------------------------------------------------------------------------------------------------------------------
                                                         Test Execution Summary Results                                                         
                                              Total Cases: 1 --> Passed: 1 | Failed: 0 | Skipped: 0                                              
------------------------------------------------------------------------------------------------------------------------------------------------
[0m
[INFO ] 2023-08-15 11:15:10.871 [main] ReportManager - 
[0;7m------------------------------------------------------------------------------------------------------------------------------------------------
                                               This test run was powered by [1m7.3.20230804[22m                                               
                               SHAFT [1;4mis and will always be 100% FREE[22;24m for commercial and private use                               
                                                   in compliance with the [1mMIT license[22m                                                   
                                   Visit SHAFT's user guide [4mhttps://shafthq.github.io/[24m to learn more                                   
------------------------------------------------------------------------------------------------------------------------------------------------
[0m
